[2017-10-17 14:40:34.033] [DEBUG] file - listening on port: 3000
[2017-10-17 14:40:34.036] [DEBUG] file - Got cheese.
[2017-10-17 14:40:34.036] [INFO] file - Cheese is Gouda.
[2017-10-17 14:40:34.036] [WARN] file - Cheese is quite smelly.
[2017-10-17 14:40:34.036] [ERROR] file - Cheese is too ripe!
[2017-10-17 14:40:34.037] [FATAL] file - Cheese was breeding ground for listeria.
[2017-10-17 14:41:15.913] [DEBUG] file - listening on port: 3000
[2017-10-17 14:41:15.916] [DEBUG] file - Got cheese.
[2017-10-17 14:41:15.916] [INFO] file - Cheese is Gouda.
[2017-10-17 14:41:15.916] [WARN] file - Cheese is quite smelly.
[2017-10-17 14:41:15.916] [ERROR] file - Cheese is too ripe!
[2017-10-17 14:41:15.917] [FATAL] file - Cheese was breeding ground for listeria.
[2017-10-17 14:47:04.330] [DEBUG] file - listening on port: 3000
[2017-10-17 14:47:04.333] [DEBUG] file - Got cheese.
[2017-10-17 14:47:04.333] [INFO] file - Cheese is Gouda.
[2017-10-17 14:47:04.333] [WARN] file - Cheese is quite smelly.
[2017-10-17 14:47:04.334] [ERROR] file - Cheese is too ripe!
[2017-10-17 14:47:04.334] [FATAL] file - Cheese was breeding ground for listeria.
[2017-10-17 14:48:27.484] [DEBUG] file - listening on port: 3000
[2017-10-17 14:48:27.486] [DEBUG] file - Got cheese.
[2017-10-17 14:48:27.487] [INFO] file - Cheese is Gouda.
[2017-10-17 14:48:27.487] [WARN] file - Cheese is quite smelly.
[2017-10-17 14:48:27.487] [ERROR] file - Cheese is too ripe!
[2017-10-17 14:48:27.488] [FATAL] file - Cheese was breeding ground for listeria.
[2017-10-17 14:48:41.885] [DEBUG] file - listening on port: 3000
[2017-10-17 14:48:41.888] [DEBUG] file - Got cheese.
[2017-10-17 14:48:41.888] [INFO] file - Cheese is Gouda.
[2017-10-17 14:48:41.889] [WARN] file - Cheese is quite smelly.
[2017-10-17 14:48:41.889] [ERROR] file - Cheese is too ripe!
[2017-10-17 14:48:41.889] [FATAL] file - Cheese was breeding ground for listeria.
[2017-10-17 14:49:26.604] [DEBUG] file - listening on port: 3000
[2017-10-17 14:49:26.614] [DEBUG] file - Got cheese.
[2017-10-17 14:49:26.615] [INFO] file - Cheese is Gouda.
[2017-10-17 14:49:26.617] [WARN] file - Cheese is quite smelly.
[2017-10-17 14:49:26.619] [ERROR] file - Cheese is too ripe!
[2017-10-17 14:49:26.621] [FATAL] file - Cheese was breeding ground for listeria.
[2017-10-17 14:49:42.086] [DEBUG] file - listening on port: 3000
[2017-10-17 14:49:42.089] [DEBUG] file - Got cheese.
[2017-10-17 14:49:42.090] [INFO] file - Cheese is Gouda.
[2017-10-17 14:49:42.090] [WARN] file - Cheese is quite smelly.
[2017-10-17 14:49:42.090] [ERROR] file - Cheese is too ripe!
[2017-10-17 14:49:42.091] [FATAL] file - Cheese was breeding ground for listeria.
[2017-10-17 14:49:44.016] [DEBUG] file - listening on port: 3000
[2017-10-17 14:49:44.019] [DEBUG] file - Got cheese.
[2017-10-17 14:49:44.020] [INFO] file - Cheese is Gouda.
[2017-10-17 14:49:44.020] [WARN] file - Cheese is quite smelly.
[2017-10-17 14:49:44.020] [ERROR] file - Cheese is too ripe!
[2017-10-17 14:49:44.020] [FATAL] file - Cheese was breeding ground for listeria.
[2017-10-17 14:50:36.564] [DEBUG] file - listening on port: 3000
[2017-10-17 14:50:36.569] [DEBUG] file - Got cheese.
[2017-10-17 14:50:36.570] [INFO] file - Cheese is Gouda.
[2017-10-17 14:50:36.570] [WARN] file - Cheese is quite smelly.
[2017-10-17 14:50:36.571] [ERROR] file - Cheese is too ripe!
[2017-10-17 14:50:36.571] [FATAL] file - Cheese was breeding ground for listeria.
[2017-10-17 14:50:50.026] [DEBUG] file - listening on port: 3000
[2017-10-17 14:50:50.030] [DEBUG] file - Got cheese.
[2017-10-17 14:50:50.030] [INFO] file - Cheese is Gouda.
[2017-10-17 14:50:50.031] [WARN] file - Cheese is quite smelly.
[2017-10-17 14:50:50.031] [ERROR] file - Cheese is too ripe!
[2017-10-17 14:50:50.032] [FATAL] file - Cheese was breeding ground for listeria.
[2017-10-17 14:51:11.926] [DEBUG] file - listening on port: 3000
[2017-10-17 14:51:11.932] [DEBUG] file - Got cheese.
[2017-10-17 14:51:11.933] [INFO] file - Cheese is Gouda.
[2017-10-17 14:51:11.933] [WARN] file - Cheese is quite smelly.
[2017-10-17 14:51:11.934] [ERROR] file - Cheese is too ripe!
[2017-10-17 14:51:11.934] [FATAL] file - Cheese was breeding ground for listeria.
[2017-10-17 14:51:35.292] [DEBUG] file - listening on port: 3000
[2017-10-17 14:51:35.299] [DEBUG] file - Got cheese.
[2017-10-17 14:51:35.299] [INFO] file - Cheese is Gouda.
[2017-10-17 14:51:35.300] [WARN] file - Cheese is quite smelly.
[2017-10-17 14:51:35.302] [ERROR] file - Cheese is too ripe!
[2017-10-17 14:51:35.305] [FATAL] file - Cheese was breeding ground for listeria.
[2017-10-17 14:51:38.889] [DEBUG] file - listening on port: 3000
[2017-10-17 14:51:38.896] [DEBUG] file - Got cheese.
[2017-10-17 14:51:38.897] [INFO] file - Cheese is Gouda.
[2017-10-17 14:51:38.897] [WARN] file - Cheese is quite smelly.
[2017-10-17 14:51:38.898] [ERROR] file - Cheese is too ripe!
[2017-10-17 14:51:38.898] [FATAL] file - Cheese was breeding ground for listeria.
[2017-10-17 14:51:55.624] [DEBUG] file - listening on port: 3000
[2017-10-17 14:51:55.629] [DEBUG] file - Got cheese.
[2017-10-17 14:51:55.629] [INFO] file - Cheese is Gouda.
[2017-10-17 14:51:55.630] [WARN] file - Cheese is quite smelly.
[2017-10-17 14:51:55.630] [ERROR] file - Cheese is too ripe!
[2017-10-17 14:51:55.630] [FATAL] file - Cheese was breeding ground for listeria.
[2017-10-17 14:52:10.518] [DEBUG] file - listening on port: 3000
[2017-10-17 14:52:10.521] [DEBUG] file - Got cheese.
[2017-10-17 14:52:10.521] [INFO] file - Cheese is Gouda.
[2017-10-17 14:52:10.521] [WARN] file - Cheese is quite smelly.
[2017-10-17 14:52:10.522] [ERROR] file - Cheese is too ripe!
[2017-10-17 14:52:10.522] [FATAL] file - Cheese was breeding ground for listeria.
[2017-10-17 14:52:16.314] [DEBUG] file - listening on port: 3000
[2017-10-17 14:52:16.317] [DEBUG] file - Got cheese.
[2017-10-17 14:52:16.318] [INFO] file - Cheese is Gouda.
[2017-10-17 14:52:16.318] [WARN] file - Cheese is quite smelly.
[2017-10-17 14:52:16.318] [ERROR] file - Cheese is too ripe!
[2017-10-17 14:52:16.318] [FATAL] file - Cheese was breeding ground for listeria.
[2017-10-17 14:52:25.190] [DEBUG] file - { name: 'test3', salary: '33' }
